<?xml version="1.0" encoding="UTF-8"?>
<coverage generated="1511255950057" clover="3.2.0">
  <project timestamp="1511255950057" name="All files">
    <metrics statements="45" coveredstatements="39" conditionals="17" coveredconditionals="16" methods="8" coveredmethods="6" elements="70" coveredelements="61" complexity="0" loc="45" ncloc="45" packages="2" files="2" classes="2">
      <package name="src">
        <metrics statements="1" coveredstatements="1" conditionals="0" coveredconditionals="0" methods="0" coveredmethods="0"/>
        <file name="setupJest.js" path="/Users/crispinmerriman/Dev/src/github.com/ONSdigital/florence/src/setupJest.js">
          <metrics statements="1" coveredstatements="1" conditionals="0" coveredconditionals="0" methods="0" coveredmethods="0"/>
          <line num="1" count="1" type="stmt"/>
        </file>
      </package>
      <package name="src.app.views.teams.team-create">
        <metrics statements="44" coveredstatements="38" conditionals="17" coveredconditionals="16" methods="8" coveredmethods="6"/>
        <file name="TeamCreate.jsx" path="/Users/crispinmerriman/Dev/src/github.com/ONSdigital/florence/src/app/views/teams/team-create/TeamCreate.jsx">
          <metrics statements="44" coveredstatements="38" conditionals="17" coveredconditionals="16" methods="8" coveredmethods="6"/>
          <line num="7" count="1" type="stmt"/>
          <line num="13" count="7" type="stmt"/>
          <line num="15" count="7" type="stmt"/>
          <line num="23" count="7" type="stmt"/>
          <line num="24" count="7" type="stmt"/>
          <line num="28" count="3" type="stmt"/>
          <line num="30" count="3" type="stmt"/>
          <line num="31" count="3" type="cond" truecount="1" falsecount="1"/>
          <line num="32" count="0" type="stmt"/>
          <line num="35" count="3" type="stmt"/>
          <line num="36" count="3" type="stmt"/>
          <line num="37" count="3" type="stmt"/>
          <line num="38" count="0" type="stmt"/>
          <line num="42" count="0" type="stmt"/>
          <line num="46" count="0" type="stmt"/>
          <line num="48" count="3" type="stmt"/>
          <line num="49" count="3" type="cond" truecount="3" falsecount="0"/>
          <line num="51" count="1" type="stmt"/>
          <line num="54" count="1" type="stmt"/>
          <line num="57" count="1" type="stmt"/>
          <line num="60" count="1" type="stmt"/>
          <line num="63" count="1" type="stmt"/>
          <line num="66" count="1" type="stmt"/>
          <line num="69" count="1" type="stmt"/>
          <line num="74" count="1" type="stmt"/>
          <line num="75" count="1" type="stmt"/>
          <line num="82" count="0" type="stmt"/>
          <line num="86" count="0" type="stmt"/>
          <line num="90" count="9" type="stmt"/>
          <line num="91" count="9" type="stmt"/>
          <line num="92" count="5" type="stmt"/>
          <line num="95" count="5" type="stmt"/>
          <line num="98" count="9" type="cond" truecount="2" falsecount="0"/>
          <line num="99" count="2" type="stmt"/>
          <line num="100" count="2" type="stmt"/>
          <line num="103" count="7" type="cond" truecount="2" falsecount="0"/>
          <line num="104" count="1" type="stmt"/>
          <line num="105" count="1" type="stmt"/>
          <line num="108" count="6" type="cond" truecount="2" falsecount="0"/>
          <line num="109" count="2" type="stmt"/>
          <line num="110" count="2" type="stmt"/>
          <line num="113" count="4" type="stmt"/>
          <line num="117" count="29" type="stmt"/>
          <line num="136" count="1" type="stmt"/>
        </file>
      </package>
    </metrics>
  </project>
</coverage>
