{"/Users/crispinmerriman/Dev/src/github.com/ONSdigital/florence/src/setupJest.js": {"path":"/Users/crispinmerriman/Dev/src/github.com/ONSdigital/florence/src/setupJest.js","statementMap":{"0":{"start":{"line":1,"column":0},"end":{"line":1,"column":42}}},"fnMap":{},"branchMap":{},"s":{"0":1},"f":{},"b":{},"_coverageSchema":"332fd63041d2c1bcb487cc26dd0d5f7d97098a6c","hash":"d59e6c6ddbd6913887fa30b3eba3f0d666a3355a"}
,"/Users/crispinmerriman/Dev/src/github.com/ONSdigital/florence/src/app/views/datasets/Jobs.jsx": {"path":"/Users/crispinmerriman/Dev/src/github.com/ONSdigital/florence/src/app/views/datasets/Jobs.jsx","statementMap":{"0":{"start":{"line":5,"column":18},"end":{"line":15,"column":1}},"1":{"start":{"line":19,"column":8},"end":{"line":19,"column":21}},"2":{"start":{"line":23,"column":8},"end":{"line":49,"column":9}},"3":{"start":{"line":28,"column":43},"end":{"line":30,"column":30}},"4":{"start":{"line":29,"column":32},"end":{"line":29,"column":65}},"5":{"start":{"line":31,"column":28},"end":{"line":34,"column":29}},"6":{"start":{"line":32,"column":32},"end":{"line":32,"column":118}},"7":{"start":{"line":33,"column":32},"end":{"line":33,"column":41}},"8":{"start":{"line":35,"column":28},"end":{"line":42,"column":29}},"9":{"start":{"line":53,"column":0},"end":{"line":53,"column":27}}},"fnMap":{"0":{"name":"(anonymous_0)","decl":{"start":{"line":18,"column":4},"end":{"line":18,"column":5}},"loc":{"start":{"line":18,"column":23},"end":{"line":20,"column":5}},"line":18},"1":{"name":"(anonymous_1)","decl":{"start":{"line":22,"column":4},"end":{"line":22,"column":5}},"loc":{"start":{"line":22,"column":13},"end":{"line":50,"column":5}},"line":22},"2":{"name":"(anonymous_2)","decl":{"start":{"line":27,"column":45},"end":{"line":27,"column":46}},"loc":{"start":{"line":27,"column":52},"end":{"line":43,"column":25}},"line":27},"3":{"name":"(anonymous_3)","decl":{"start":{"line":28,"column":68},"end":{"line":28,"column":69}},"loc":{"start":{"line":28,"column":79},"end":{"line":30,"column":29}},"line":28}},"branchMap":{"0":{"loc":{"start":{"line":25,"column":17},"end":{"line":46,"column":57}},"type":"cond-expr","locations":[{"start":{"line":26,"column":20},"end":{"line":44,"column":25}},{"start":{"line":46,"column":20},"end":{"line":46,"column":57}}],"line":25},"1":{"loc":{"start":{"line":31,"column":28},"end":{"line":34,"column":29}},"type":"if","locations":[{"start":{"line":31,"column":28},"end":{"line":34,"column":29}},{"start":{"line":31,"column":28},"end":{"line":34,"column":29}}],"line":31}},"s":{"0":1,"1":3,"2":4,"3":13,"4":18,"5":13,"6":1,"7":0,"8":12,"9":1},"f":{"0":3,"1":4,"2":13,"3":18},"b":{"0":[4,0],"1":[1,12]},"_coverageSchema":"332fd63041d2c1bcb487cc26dd0d5f7d97098a6c","hash":"bd112b40e8bebc8e051d550f1e73d03ef3162f42"}
}
