{"/Users/crispinmerriman/Dev/src/github.com/ONSdigital/florence/src/setupJest.js": {"path":"/Users/crispinmerriman/Dev/src/github.com/ONSdigital/florence/src/setupJest.js","statementMap":{"0":{"start":{"line":1,"column":0},"end":{"line":1,"column":42}}},"fnMap":{},"branchMap":{},"s":{"0":1},"f":{},"b":{},"_coverageSchema":"332fd63041d2c1bcb487cc26dd0d5f7d97098a6c","hash":"d59e6c6ddbd6913887fa30b3eba3f0d666a3355a"}
,"/Users/crispinmerriman/Dev/src/github.com/ONSdigital/florence/src/app/views/teams/team-create/TeamCreate.jsx": {"path":"/Users/crispinmerriman/Dev/src/github.com/ONSdigital/florence/src/app/views/teams/team-create/TeamCreate.jsx","statementMap":{"0":{"start":{"line":7,"column":18},"end":{"line":9,"column":1}},"1":{"start":{"line":13,"column":8},"end":{"line":13,"column":21}},"2":{"start":{"line":15,"column":8},"end":{"line":21,"column":9}},"3":{"start":{"line":23,"column":8},"end":{"line":23,"column":57}},"4":{"start":{"line":24,"column":8},"end":{"line":24,"column":63}},"5":{"start":{"line":28,"column":8},"end":{"line":28,"column":31}},"6":{"start":{"line":30,"column":24},"end":{"line":30,"column":47}},"7":{"start":{"line":31,"column":8},"end":{"line":33,"column":9}},"8":{"start":{"line":32,"column":12},"end":{"line":32,"column":19}},"9":{"start":{"line":35,"column":28},"end":{"line":35,"column":59}},"10":{"start":{"line":36,"column":8},"end":{"line":36,"column":50}},"11":{"start":{"line":37,"column":8},"end":{"line":78,"column":11}},"12":{"start":{"line":38,"column":26},"end":{"line":41,"column":14}},"13":{"start":{"line":42,"column":12},"end":{"line":45,"column":15}},"14":{"start":{"line":46,"column":12},"end":{"line":46,"column":41}},"15":{"start":{"line":48,"column":12},"end":{"line":48,"column":55}},"16":{"start":{"line":49,"column":12},"end":{"line":77,"column":13}},"17":{"start":{"line":51,"column":34},"end":{"line":53,"column":22}},"18":{"start":{"line":54,"column":20},"end":{"line":56,"column":23}},"19":{"start":{"line":57,"column":20},"end":{"line":57,"column":26}},"20":{"start":{"line":60,"column":34},"end":{"line":62,"column":22}},"21":{"start":{"line":63,"column":20},"end":{"line":65,"column":23}},"22":{"start":{"line":66,"column":20},"end":{"line":66,"column":26}},"23":{"start":{"line":69,"column":41},"end":{"line":73,"column":21}},"24":{"start":{"line":74,"column":20},"end":{"line":74,"column":52}},"25":{"start":{"line":75,"column":20},"end":{"line":75,"column":26}},"26":{"start":{"line":82,"column":22},"end":{"line":85,"column":10}},"27":{"start":{"line":86,"column":8},"end":{"line":86,"column":31}},"28":{"start":{"line":90,"column":25},"end":{"line":90,"column":47}},"29":{"start":{"line":91,"column":31},"end":{"line":96,"column":9}},"30":{"start":{"line":92,"column":26},"end":{"line":94,"column":14}},"31":{"start":{"line":95,"column":12},"end":{"line":95,"column":35}},"32":{"start":{"line":98,"column":8},"end":{"line":101,"column":9}},"33":{"start":{"line":99,"column":12},"end":{"line":99,"column":60}},"34":{"start":{"line":100,"column":12},"end":{"line":100,"column":25}},"35":{"start":{"line":103,"column":8},"end":{"line":106,"column":9}},"36":{"start":{"line":104,"column":12},"end":{"line":104,"column":92}},"37":{"start":{"line":105,"column":12},"end":{"line":105,"column":25}},"38":{"start":{"line":108,"column":8},"end":{"line":111,"column":9}},"39":{"start":{"line":109,"column":12},"end":{"line":109,"column":73}},"40":{"start":{"line":110,"column":12},"end":{"line":110,"column":25}},"41":{"start":{"line":113,"column":8},"end":{"line":113,"column":20}},"42":{"start":{"line":117,"column":8},"end":{"line":132,"column":9}},"43":{"start":{"line":136,"column":0},"end":{"line":136,"column":33}}},"fnMap":{"0":{"name":"(anonymous_0)","decl":{"start":{"line":12,"column":4},"end":{"line":12,"column":5}},"loc":{"start":{"line":12,"column":23},"end":{"line":25,"column":5}},"line":12},"1":{"name":"(anonymous_1)","decl":{"start":{"line":27,"column":4},"end":{"line":27,"column":5}},"loc":{"start":{"line":27,"column":24},"end":{"line":79,"column":5}},"line":27},"2":{"name":"(anonymous_2)","decl":{"start":{"line":37,"column":36},"end":{"line":37,"column":37}},"loc":{"start":{"line":37,"column":42},"end":{"line":47,"column":9}},"line":37},"3":{"name":"(anonymous_3)","decl":{"start":{"line":47,"column":17},"end":{"line":47,"column":18}},"loc":{"start":{"line":47,"column":26},"end":{"line":78,"column":9}},"line":47},"4":{"name":"(anonymous_4)","decl":{"start":{"line":81,"column":4},"end":{"line":81,"column":5}},"loc":{"start":{"line":81,"column":27},"end":{"line":87,"column":5}},"line":81},"5":{"name":"(anonymous_5)","decl":{"start":{"line":89,"column":4},"end":{"line":89,"column":5}},"loc":{"start":{"line":89,"column":23},"end":{"line":114,"column":5}},"line":89},"6":{"name":"(anonymous_6)","decl":{"start":{"line":91,"column":31},"end":{"line":91,"column":32}},"loc":{"start":{"line":91,"column":40},"end":{"line":96,"column":9}},"line":91},"7":{"name":"(anonymous_7)","decl":{"start":{"line":116,"column":4},"end":{"line":116,"column":5}},"loc":{"start":{"line":116,"column":13},"end":{"line":133,"column":5}},"line":116}},"branchMap":{"0":{"loc":{"start":{"line":31,"column":8},"end":{"line":33,"column":9}},"type":"if","locations":[{"start":{"line":31,"column":8},"end":{"line":33,"column":9}},{"start":{"line":31,"column":8},"end":{"line":33,"column":9}}],"line":31},"1":{"loc":{"start":{"line":49,"column":12},"end":{"line":77,"column":13}},"type":"switch","locations":[{"start":{"line":50,"column":16},"end":{"line":58,"column":17}},{"start":{"line":59,"column":16},"end":{"line":67,"column":17}},{"start":{"line":68,"column":16},"end":{"line":76,"column":17}}],"line":49},"2":{"loc":{"start":{"line":98,"column":8},"end":{"line":101,"column":9}},"type":"if","locations":[{"start":{"line":98,"column":8},"end":{"line":101,"column":9}},{"start":{"line":98,"column":8},"end":{"line":101,"column":9}}],"line":98},"3":{"loc":{"start":{"line":103,"column":8},"end":{"line":106,"column":9}},"type":"if","locations":[{"start":{"line":103,"column":8},"end":{"line":106,"column":9}},{"start":{"line":103,"column":8},"end":{"line":106,"column":9}}],"line":103},"4":{"loc":{"start":{"line":108,"column":8},"end":{"line":111,"column":9}},"type":"if","locations":[{"start":{"line":108,"column":8},"end":{"line":111,"column":9}},{"start":{"line":108,"column":8},"end":{"line":111,"column":9}}],"line":108},"5":{"loc":{"start":{"line":118,"column":38},"end":{"line":118,"column":89}},"type":"cond-expr","locations":[{"start":{"line":118,"column":63},"end":{"line":118,"column":84}},{"start":{"line":118,"column":87},"end":{"line":118,"column":89}}],"line":118},"6":{"loc":{"start":{"line":123,"column":21},"end":{"line":124,"column":81}},"type":"binary-expr","locations":[{"start":{"line":123,"column":21},"end":{"line":123,"column":43}},{"start":{"line":124,"column":24},"end":{"line":124,"column":81}}],"line":123},"7":{"loc":{"start":{"line":128,"column":17},"end":{"line":129,"column":76}},"type":"binary-expr","locations":[{"start":{"line":128,"column":17},"end":{"line":128,"column":46}},{"start":{"line":129,"column":20},"end":{"line":129,"column":76}}],"line":128}},"s":{"0":1,"1":7,"2":7,"3":7,"4":7,"5":3,"6":3,"7":3,"8":0,"9":3,"10":3,"11":3,"12":0,"13":0,"14":0,"15":3,"16":3,"17":1,"18":1,"19":1,"20":1,"21":1,"22":1,"23":1,"24":1,"25":1,"26":0,"27":0,"28":9,"29":9,"30":5,"31":5,"32":9,"33":2,"34":2,"35":7,"36":1,"37":1,"38":6,"39":2,"40":2,"41":4,"42":29,"43":1},"f":{"0":7,"1":3,"2":0,"3":3,"4":0,"5":9,"6":5,"7":29},"b":{"0":[0,3],"1":[1,1,1],"2":[2,7],"3":[1,6],"4":[2,4],"5":[7,22],"6":[29,7],"7":[29,3]},"_coverageSchema":"332fd63041d2c1bcb487cc26dd0d5f7d97098a6c","hash":"b2efe6ceb38d4aa9ee1259b50cc44ce14636a736"}
}
