TN:
SF:/Users/crispinmerriman/Dev/src/github.com/ONSdigital/florence/src/setupJest.js
FNF:0
FNH:0
DA:1,1
LF:1
LH:1
BRF:0
BRH:0
end_of_record
TN:
SF:/Users/crispinmerriman/Dev/src/github.com/ONSdigital/florence/src/app/views/teams/team-create/TeamCreate.jsx
FN:12,(anonymous_0)
FN:27,(anonymous_1)
FN:37,(anonymous_2)
FN:47,(anonymous_3)
FN:81,(anonymous_4)
FN:89,(anonymous_5)
FN:91,(anonymous_6)
FN:116,(anonymous_7)
FNF:8
FNH:6
FNDA:7,(anonymous_0)
FNDA:3,(anonymous_1)
FNDA:0,(anonymous_2)
FNDA:3,(anonymous_3)
FNDA:0,(anonymous_4)
FNDA:9,(anonymous_5)
FNDA:5,(anonymous_6)
FNDA:29,(anonymous_7)
DA:7,1
DA:13,7
DA:15,7
DA:23,7
DA:24,7
DA:28,3
DA:30,3
DA:31,3
DA:32,0
DA:35,3
DA:36,3
DA:37,3
DA:38,0
DA:42,0
DA:46,0
DA:48,3
DA:49,3
DA:51,1
DA:54,1
DA:57,1
DA:60,1
DA:63,1
DA:66,1
DA:69,1
DA:74,1
DA:75,1
DA:82,0
DA:86,0
DA:90,9
DA:91,9
DA:92,5
DA:95,5
DA:98,9
DA:99,2
DA:100,2
DA:103,7
DA:104,1
DA:105,1
DA:108,6
DA:109,2
DA:110,2
DA:113,4
DA:117,29
DA:136,1
LF:44
LH:38
BRDA:31,0,0,0
BRDA:31,0,1,3
BRDA:49,1,0,1
BRDA:49,1,1,1
BRDA:49,1,2,1
BRDA:98,2,0,2
BRDA:98,2,1,7
BRDA:103,3,0,1
BRDA:103,3,1,6
BRDA:108,4,0,2
BRDA:108,4,1,4
BRDA:118,5,0,7
BRDA:118,5,1,22
BRDA:123,6,0,29
BRDA:123,6,1,7
BRDA:128,7,0,29
BRDA:128,7,1,3
BRF:17
BRH:16
end_of_record
