TN:
SF:/Users/crispinmerriman/Dev/src/github.com/ONSdigital/florence/src/setupJest.js
FNF:0
FNH:0
DA:1,1
LF:1
LH:1
BRF:0
BRH:0
end_of_record
TN:
SF:/Users/crispinmerriman/Dev/src/github.com/ONSdigital/florence/src/app/views/datasets/Jobs.jsx
FN:18,(anonymous_0)
FN:22,(anonymous_1)
FN:27,(anonymous_2)
FN:28,(anonymous_3)
FNF:4
FNH:4
FNDA:3,(anonymous_0)
FNDA:4,(anonymous_1)
FNDA:13,(anonymous_2)
FNDA:18,(anonymous_3)
DA:5,1
DA:19,3
DA:23,4
DA:28,13
DA:29,18
DA:31,13
DA:32,1
DA:33,0
DA:35,12
DA:53,1
LF:10
LH:9
BRDA:25,0,0,4
BRDA:25,0,1,0
BRDA:31,1,0,1
BRDA:31,1,1,12
BRF:4
BRH:3
end_of_record
